<?xml version="1.0" encoding="UTF-8"?>
<!-- Generated by org.testng.reporters.JUnitReportReporter -->
<testsuite hostname="DESKTOP-KTIBR3M" failures="0" tests="2" name="testCase.DemoTestCase" time="102.272" errors="0" timestamp="2023-04-30T10:25:20 IST" skipped="0">
  <testcase classname="testCase.DemoTestCase" name="registrationTestCase" time="49.933"/>
  <system-out/>
  <testcase classname="testCase.DemoTestCase" name="registrationTestCase" time="52.339"/>
  <system-out/>
</testsuite> <!-- testCase.DemoTestCase -->
