<?xml version="1.0" encoding="UTF-8"?>
<!-- Generated by org.testng.reporters.JUnitReportReporter -->
<testsuite hostname="DESKTOP-KTIBR3M" failures="0" tests="1" name="testBase.DemoTestCase" time="13.358" errors="0" timestamp="2023-04-26T12:05:02 IST" skipped="0">
  <testcase classname="testBase.DemoTestCase" name="registrationTestCase" time="13.358"/>
  <system-out/>
</testsuite> <!-- testBase.DemoTestCase -->
